|-- 2025-01-20 18:44:44,543 --- INFO --- ***** C:\Users\simon\Git_Repos\100_project_in_100_days\Days\Day 31 - 20_01_25\Day 31.py Run ***** --------|
|-- 2025-01-20 18:48:36,716 --- INFO --- ***** File Run ***** C:\Users\simon\Git_Repos\100_project_in_100_days\Days\Day 31 - 20_01_25\Day 31.py --------|
|-- 2025-01-20 18:52:23,541 --- INFO --- ***** File Run ***** C:\Users\simon\Git_Repos\100_project_in_100_days\Days\Day 31 - 20_01_25\Day 31.py --------|
|-- 2025-01-20 18:52:45,291 --- INFO --- ***** File Run ***** C:\Users\simon\Git_Repos\100_project_in_100_days\Days\Day 31 - 20_01_25\Day 31.py --------|
|-- 2025-01-20 18:52:45,291 --- DEBUG --- Some Debug Message --------|
|-- 2025-01-20 18:52:53,098 --- DEBUG --- Some infomation --------|
|-- 2025-01-20 18:52:58,518 --- INFO --- ***** File Run ***** C:\Users\simon\Git_Repos\100_project_in_100_days\Days\Day 31 - 20_01_25\Day 31.py --------|
|-- 2025-01-20 18:52:58,518 --- DEBUG --- Some Debug Message --------|
|-- 2025-01-20 18:52:59,921 --- DEBUG --- Some infomation --------|
|-- 2025-01-20 18:53:49,045 --- INFO --- ***** File Run ***** C:\Users\simon\Git_Repos\100_project_in_100_days\Days\Day 31 - 20_01_25\Day 31.py --------|
|-- 2025-01-20 18:53:49,045 --- DEBUG --- Some Debug Message --------|
|-- 2025-01-20 18:53:50,908 --- DEBUG --- Some infomation Information 1 --------|
|-- 2025-01-20 18:54:14,842 --- INFO --- ***** File Run ***** C:\Users\simon\Git_Repos\100_project_in_100_days\Days\Day 31 - 20_01_25\Day 31.py --------|
|-- 2025-01-20 18:54:14,842 --- DEBUG --- Some Debug Message --------|
|-- 2025-01-20 18:54:14,842 --- DEBUG --- Some Debug Message --------|
|-- 2025-01-20 18:54:14,842 --- DEBUG --- Some Debug Message --------|
|-- 2025-01-20 18:54:14,842 --- DEBUG --- Some Debug Message --------|
|-- 2025-01-20 18:54:14,842 --- DEBUG --- Some Debug Message --------|
|-- 2025-01-20 18:54:14,842 --- DEBUG --- Some Debug Message --------|
|-- 2025-01-20 18:54:14,842 --- DEBUG --- Some Debug Message --------|
|-- 2025-01-20 18:54:14,842 --- DEBUG --- Some Debug Message --------|
|-- 2025-01-20 18:54:15,972 --- DEBUG --- Some infomation Information 1 --------|
|-- 2025-01-20 18:55:34,470 --- INFO --- ***** File Run ***** C:\Users\simon\Git_Repos\100_project_in_100_days\Days\Day 31 - 20_01_25\Day 31.py --------|
|-- 2025-01-20 18:55:34,470 --- DEBUG --- this --------|
|-- 2025-01-20 18:55:34,470 --- DEBUG --- that --------|
|-- 2025-01-20 18:55:34,470 --- DEBUG --- somthing --------|
|-- 2025-01-20 18:55:34,470 --- DEBUG --- new --------|
|-- 2025-01-20 18:55:34,470 --- DEBUG --- new --------|
|-- 2025-01-20 18:55:34,470 --- DEBUG --- new --------|
|-- 2025-01-20 18:55:34,470 --- DEBUG --- new --------|
|-- 2025-01-20 18:55:34,470 --- DEBUG --- new --------|
|-- 2025-01-20 18:55:36,099 --- DEBUG --- Some infomation Information 1 --------|
|-- 2025-01-20 19:02:26,675 --- INFO --- ***** File Run ***** C:\Users\simon\Git_Repos\100_project_in_100_days\Days\Day 31 - 20_01_25\Day 31.py --------|
|-- 2025-01-20 19:02:28,641 --- DEBUG --- Some infomation Information 1 --------|
|-- 2025-01-20 19:02:28,641 --- DEBUG --- this --------|
|-- 2025-01-20 19:02:28,641 --- DEBUG --- that --------|
|-- 2025-01-20 19:02:28,641 --- DEBUG --- somthing --------|
|-- 2025-01-20 19:02:28,641 --- DEBUG --- new --------|
|-- 2025-01-20 19:02:28,641 --- DEBUG --- new --------|
|-- 2025-01-20 19:02:28,641 --- DEBUG --- new --------|
|-- 2025-01-20 19:02:28,641 --- DEBUG --- new --------|
|-- 2025-01-20 19:02:28,641 --- DEBUG --- new --------|
|-- 2025-01-20 19:02:30,168 --- DEBUG --- Some infomation Information 2 --------|
|-- 2025-01-20 19:02:50,851 --- INFO --- ***** File Run ***** C:\Users\simon\Git_Repos\100_project_in_100_days\Days\Day 31 - 20_01_25\Day 31.py --------|
|-- 2025-01-20 19:02:52,136 --- INFO --- Some infomation Information 1 --------|
|-- 2025-01-20 19:02:52,152 --- DEBUG --- this --------|
|-- 2025-01-20 19:02:52,152 --- DEBUG --- that --------|
|-- 2025-01-20 19:02:52,152 --- DEBUG --- somthing --------|
|-- 2025-01-20 19:02:52,152 --- DEBUG --- new --------|
|-- 2025-01-20 19:02:52,152 --- DEBUG --- new --------|
|-- 2025-01-20 19:02:52,152 --- DEBUG --- new --------|
|-- 2025-01-20 19:02:52,152 --- DEBUG --- new --------|
|-- 2025-01-20 19:02:52,152 --- DEBUG --- new --------|
|-- 2025-01-20 19:02:52,691 --- INFO --- Some infomation Information 2 --------|
