|-- 2024-12-24 14:37:15,492 --- INFO --- ***** Day_19.py Run ***** --------|
|-- 2024-12-24 14:39:54,882 --- INFO --- ***** Day_19.py Run ***** --------|
|-- 2024-12-24 14:45:32,837 --- INFO --- ***** Day_19.py Run ***** --------|
|-- 2024-12-24 14:45:39,119 --- INFO --- ***** Day_19.py Run ***** --------|
|-- 2024-12-24 14:50:43,632 --- INFO --- ***** Day_19.py Run ***** --------|
|-- 2024-12-24 14:52:06,063 --- INFO --- ***** Day_19.py Run ***** --------|
|-- 2024-12-24 14:58:56,791 --- INFO --- ***** Day_19.py Run ***** --------|
|-- 2024-12-24 14:59:14,824 --- INFO --- ***** Day_19.py Run ***** --------|
|-- 2024-12-24 14:59:46,779 --- INFO --- ***** Day_19.py Run ***** --------|
|-- 2024-12-24 15:01:51,272 --- INFO --- ***** Day_19.py Run ***** --------|
|-- 2024-12-24 15:02:03,760 --- INFO --- ***** Day_19.py Run ***** --------|
|-- 2024-12-24 15:09:26,220 --- INFO --- ***** Day_19.py Run ***** --------|
|-- 2024-12-24 15:16:14,978 --- INFO --- ***** Day_19.py Run ***** --------|
|-- 2024-12-24 15:16:17,681 --- INFO --- Cylinder Size: 15.0 --------|
|-- 2024-12-24 15:16:19,837 --- INFO --- Cylinder Gas: 232.0 --------|
|-- 2024-12-24 15:16:21,776 --- INFO --- Planned Depth: 21.0 --------|
|-- 2024-12-24 15:16:23,120 --- INFO --- Planned Time: 21.0 --------|
|-- 2024-12-24 15:16:26,729 --- INFO --- Consumption: 21.0 --------|
|-- 2024-12-24 15:16:26,729 --- INFO --- Reserve: 77.256 --------|
|-- 2024-12-24 15:16:26,729 --- INFO --- Useable (bar): 154.744 --------|
|-- 2024-12-24 15:16:26,729 --- INFO --- Useable (bar L): 2321.16 --------|
|-- 2024-12-24 15:16:26,729 --- INFO --- Depth (bar): 3.1 --------|
|-- 2024-12-24 15:16:26,729 --- INFO --- Useable (L): 748.7612903225805 --------|
|-- 2024-12-24 15:16:26,729 --- INFO --- Dive Time (min): 35.6552995391705 --------|
|-- 2024-12-24 15:16:26,729 --- INFO --- CLEAR: 21.0 <= 35.6552995391705 --------|
|-- 2024-12-24 15:16:28,980 --- INFO --- Loop Start --------|
|-- 2024-12-24 15:16:33,262 --- INFO --- Cylinder Size: 12.0 --------|
|-- 2024-12-24 15:16:39,105 --- INFO --- Cylinder Gas: 200.0 --------|
|-- 2024-12-24 15:16:42,605 --- INFO --- Planned Depth: 25.0 --------|
|-- 2024-12-24 15:16:45,590 --- INFO --- Planned Time: 30.0 --------|
|-- 2024-12-24 15:16:49,777 --- INFO --- Consumption: 26.0 --------|
|-- 2024-12-24 15:16:49,777 --- INFO --- Reserve: 66.60000000000001 --------|
|-- 2024-12-24 15:16:49,777 --- INFO --- Useable (bar): 133.39999999999998 --------|
|-- 2024-12-24 15:16:49,777 --- INFO --- Useable (bar L): 1600.7999999999997 --------|
|-- 2024-12-24 15:16:49,777 --- INFO --- Depth (bar): 3.5 --------|
|-- 2024-12-24 15:16:49,777 --- INFO --- Useable (L): 457.3714285714285 --------|
|-- 2024-12-24 15:16:49,777 --- INFO --- Dive Time (min): 17.59120879120879 --------|
|-- 2024-12-24 15:16:49,777 --- WARNING --- WARNING ISSUED: 30.0 < 17.59120879120879 --------|
|-- 2024-12-24 15:19:41,887 --- INFO --- ***** Day_19.py Run ***** --------|
|-- 2024-12-24 15:19:55,701 --- INFO --- ***** Day_19.py Run ***** --------|
|-- 2024-12-24 15:19:57,904 --- INFO --- Cylinder Size: 15.0 --------|
|-- 2024-12-24 15:20:00,107 --- INFO --- Cylinder Gas: 232.0 --------|
|-- 2024-12-24 15:20:05,202 --- INFO --- Planned Depth: 21.0 --------|
|-- 2024-12-24 15:20:07,374 --- INFO --- Planned Time: 21.0 --------|
|-- 2024-12-24 15:20:09,327 --- INFO --- Consumption: 21.0 --------|
|-- 2024-12-24 15:20:09,327 --- INFO --- Reserve: 77.256 --------|
|-- 2024-12-24 15:20:09,327 --- INFO --- Useable (bar): 154.744 --------|
|-- 2024-12-24 15:20:09,327 --- INFO --- Useable (bar L): 2321.16 --------|
|-- 2024-12-24 15:20:09,327 --- INFO --- Depth (bar): 3.1 --------|
|-- 2024-12-24 15:20:09,327 --- INFO --- Useable (L): 748.7612903225805 --------|
|-- 2024-12-24 15:20:09,327 --- INFO --- Dive Time (min): 35.6552995391705 --------|
|-- 2024-12-24 15:20:09,327 --- INFO --- CLEAR: 21.0 <= 35.6552995391705 --------|
|-- 2024-12-24 15:20:37,157 --- INFO --- ## Loop restart ## --------|
|-- 2024-12-24 15:20:40,689 --- INFO --- Cylinder Size: 15.0 --------|
|-- 2024-12-24 15:20:42,751 --- INFO --- Cylinder Gas: 232.0 --------|
|-- 2024-12-24 15:20:58,363 --- INFO --- Planned Depth: 30.0 --------|
|-- 2024-12-24 15:21:05,785 --- INFO --- Planned Time: 25.0 --------|
|-- 2024-12-24 15:21:10,646 --- INFO --- Consumption: 25.0 --------|
|-- 2024-12-24 15:21:10,646 --- INFO --- Reserve: 77.256 --------|
|-- 2024-12-24 15:21:10,646 --- INFO --- Useable (bar): 154.744 --------|
|-- 2024-12-24 15:21:10,646 --- INFO --- Useable (bar L): 2321.16 --------|
|-- 2024-12-24 15:21:10,646 --- INFO --- Depth (bar): 4.0 --------|
|-- 2024-12-24 15:21:10,646 --- INFO --- Useable (L): 580.29 --------|
|-- 2024-12-24 15:21:10,646 --- INFO --- Dive Time (min): 23.211599999999997 --------|
|-- 2024-12-24 15:21:10,646 --- WARNING --- WARNING ISSUED: 25.0 > 23.211599999999997 --------|
