| 2024-12-23 18:22:15,143 === INFO === ***** Day_18.py Run ***** ========|
| 2024-12-23 18:22:15,143 === INFO === Title: 0 Status: Fail" ========|
| 2024-12-23 18:24:48,422 === INFO === ***** Day_18.py Run ***** ========|
| 2024-12-23 18:24:48,422 === INFO === Title: 0 Status: Fail" ========|
| 2024-12-23 18:25:08,113 === INFO === ***** Day_18.py Run ***** ========|
| 2024-12-23 18:25:08,113 === INFO === Title: 0 Status: Fail" ========|
| 2024-12-23 18:25:41,883 === INFO === ***** Day_18.py Run ***** ========|
| 2024-12-23 18:25:41,883 === INFO === Title: 0 Status: Fail" ========|
| 2024-12-23 18:27:27,083 === INFO === ***** Day_18.py Run ***** ========|
| 2024-12-23 18:27:27,083 === INFO === System Setting: 0 Status: Inactive" ========|
| 2024-12-23 18:28:14,025 === INFO === ***** Day_18.py Run ***** ========|
| 2024-12-23 18:28:42,090 === INFO === ***** Day_18.py Run ***** ========|
| 2024-12-23 18:29:05,857 === INFO === ***** Day_18.py Run ***** ========|
| 2024-12-23 18:29:15,702 === INFO === ***** Day_18.py Run ***** ========|
| 2024-12-23 18:29:17,984 === INFO === ***** Day_18.py Run ***** ========|
| 2024-12-23 18:29:37,253 === INFO === ***** Day_18.py Run ***** ========|
| 2024-12-23 18:29:45,879 === INFO === ***** Day_18.py Run ***** ========|
| 2024-12-23 18:29:45,879 === INFO === System Setting: 77.73616359484292 Status: Active ========|
| 2024-12-23 18:29:56,380 === INFO === ***** Day_18.py Run ***** ========|
| 2024-12-23 18:29:56,380 === INFO === System Setting: 69.76366914719382 Status: Active ========|
| 2024-12-23 18:29:58,583 === INFO === ***** Day_18.py Run ***** ========|
| 2024-12-23 18:29:58,583 === INFO === System Setting: 86.36574737879137 Status: Active ========|
| 2024-12-23 18:29:59,349 === INFO === ***** Day_18.py Run ***** ========|
| 2024-12-23 18:29:59,349 === INFO === System Setting: 43.4300152979463 Status: Active ========|
| 2024-12-23 18:29:59,990 === INFO === ***** Day_18.py Run ***** ========|
| 2024-12-23 18:29:59,990 === INFO === System Setting: 47.70434263631513 Status: Active ========|
| 2024-12-23 18:30:00,709 === INFO === ***** Day_18.py Run ***** ========|
| 2024-12-23 18:30:00,709 === INFO === System Setting: 82.2834416808184 Status: Active ========|
| 2024-12-23 18:30:05,428 === INFO === ***** Day_18.py Run ***** ========|
| 2024-12-23 18:30:05,428 === INFO === System Setting: 14 Status: Active ========|
| 2024-12-23 18:30:08,897 === INFO === ***** Day_18.py Run ***** ========|
| 2024-12-23 18:30:08,897 === INFO === System Setting: 64 Status: Active ========|
| 2024-12-23 18:30:09,460 === INFO === ***** Day_18.py Run ***** ========|
| 2024-12-23 18:30:09,475 === INFO === System Setting: 30 Status: Active ========|
| 2024-12-23 18:32:38,993 === INFO === ***** Day_18.py Run ***** ========|
| 2024-12-23 18:32:38,993 === INFO === System Setting: 43 Status: Active ========|
| 2024-12-23 18:32:38,993 === INFO === System Setting: 58 Status: Active ========|
| 2024-12-23 18:32:38,993 === INFO === System Setting: 45 Status: Active ========|
| 2024-12-23 18:32:38,993 === INFO === System Setting: 0 Status: Inactive" ========|
| 2024-12-23 18:32:38,993 === INFO === System Setting: 59 Status: Active ========|
| 2024-12-23 18:32:38,993 === INFO === System Setting: 24 Status: Active ========|
| 2024-12-23 18:32:38,993 === INFO === System Setting: 80 Status: Active ========|
| 2024-12-23 18:32:38,993 === INFO === System Setting: 2 Status: Active ========|
| 2024-12-23 18:32:38,993 === INFO === System Setting: 76 Status: Active ========|
| 2024-12-23 18:32:38,993 === INFO === System Setting: 47 Status: Active ========|
| 2024-12-23 18:35:34,617 === INFO === ***** Day_18.py Run ***** ========|
| 2024-12-23 18:35:34,617 === INFO === System Setting: 68 Status: Active ========|
| 2024-12-23 18:35:34,617 === INFO === System Setting: 93 Status: Active ========|
| 2024-12-23 18:35:34,617 === INFO === System Setting: 9 Status: Active ========|
| 2024-12-23 18:35:34,617 === INFO === System Setting: 86 Status: Active ========|
| 2024-12-23 18:35:34,617 === INFO === System Setting: 13 Status: Active ========|
| 2024-12-23 18:35:34,617 === INFO === System Setting: 32 Status: Active ========|
| 2024-12-23 18:35:34,617 === INFO === System Setting: 78 Status: Active ========|
| 2024-12-23 18:35:34,617 === INFO === System Setting: 48 Status: Active ========|
| 2024-12-23 18:35:34,617 === INFO === System Setting: 9 Status: Active ========|
| 2024-12-23 18:35:34,617 === INFO === System Setting: 62 Status: Active ========|
| 2024-12-23 18:53:06,978 === INFO === ***** Day_18.py Run ***** ========|
| 2024-12-23 18:53:06,978 === INFO === System Setting: 47 Status: Active ========|
| 2024-12-23 18:53:06,978 === INFO === System Setting: 10 Status: Active ========|
| 2024-12-23 18:53:06,978 === INFO === System Setting: 42 Status: Active ========|
| 2024-12-23 18:53:06,978 === INFO === System Setting: 75 Status: Active ========|
| 2024-12-23 18:53:06,978 === INFO === System Setting: 76 Status: Active ========|
| 2024-12-23 18:53:06,978 === INFO === System Setting: 96 Status: Active ========|
| 2024-12-23 18:53:06,978 === INFO === System Setting: 91 Status: Active ========|
| 2024-12-23 18:53:06,978 === INFO === System Setting: 52 Status: Active ========|
| 2024-12-23 18:53:06,978 === INFO === System Setting: 66 Status: Active ========|
| 2024-12-23 18:53:06,978 === INFO === System Setting: 46 Status: Active ========|
| 2024-12-23 19:26:37,225 === INFO === ***** Day_18.py Run ***** ========|
| 2024-12-23 19:26:37,225 === INFO === System Setting: 43 Status: Active ========|
| 2024-12-23 19:26:37,225 === INFO === System Setting: 23 Status: Active ========|
| 2024-12-23 19:26:37,225 === INFO === System Setting: 41 Status: Active ========|
| 2024-12-23 19:26:37,225 === INFO === System Setting: 73 Status: Active ========|
| 2024-12-23 19:26:37,225 === INFO === System Setting: 15 Status: Active ========|
| 2024-12-23 19:26:37,225 === INFO === System Setting: 20 Status: Active ========|
| 2024-12-23 19:26:37,225 === INFO === System Setting: 51 Status: Active ========|
| 2024-12-23 19:26:37,225 === INFO === System Setting: 69 Status: Active ========|
| 2024-12-23 19:26:37,225 === INFO === System Setting: 60 Status: Active ========|
| 2024-12-23 19:26:37,225 === INFO === System Setting: 17 Status: Active ========|
| 2024-12-23 19:31:47,558 === INFO === ***** Day_18.py Run ***** ========|
| 2024-12-23 19:31:47,559 === INFO === System Setting: 57 Status: Active ========|
| 2024-12-23 19:31:47,559 === INFO === System Setting: 29 Status: Inactive" ========|
| 2024-12-23 19:31:47,559 === INFO === System Setting: 75 Status: Active ========|
| 2024-12-23 19:31:47,559 === INFO === System Setting: 76 Status: Active ========|
| 2024-12-23 19:31:47,559 === INFO === System Setting: 45 Status: Inactive" ========|
| 2024-12-23 19:31:47,560 === INFO === System Setting: 98 Status: Active ========|
| 2024-12-23 19:31:47,560 === INFO === System Setting: 66 Status: Active ========|
| 2024-12-23 19:31:47,560 === INFO === System Setting: 71 Status: Active ========|
| 2024-12-23 19:31:47,561 === INFO === System Setting: 20 Status: Inactive" ========|
| 2024-12-23 19:31:47,561 === INFO === System Setting: 64 Status: Active ========|
| 2024-12-23 19:36:46,023 === INFO === ***** Day_18.py Run ***** ========|
| 2024-12-23 19:36:46,023 === INFO === System Setting: 49 Status: Inactive" ========|
| 2024-12-23 19:36:46,023 === INFO === System Setting: 43 Status: Inactive" ========|
| 2024-12-23 19:36:46,023 === INFO === System Setting: 13 Status: Inactive" ========|
| 2024-12-23 19:36:46,023 === INFO === System Setting: 25 Status: Inactive" ========|
| 2024-12-23 19:36:46,023 === INFO === System Setting: 14 Status: Inactive" ========|
| 2024-12-23 19:36:46,023 === INFO === System Setting: 73 Status: Active ========|
| 2024-12-23 19:36:46,023 === INFO === System Setting: 65 Status: Active ========|
| 2024-12-23 19:36:46,023 === INFO === System Setting: 10 Status: Inactive" ========|
| 2024-12-23 19:36:46,023 === INFO === System Setting: 35 Status: Inactive" ========|
| 2024-12-23 19:36:46,023 === INFO === System Setting: 40 Status: Inactive" ========|
| 2024-12-23 19:37:20,717 === INFO === ***** Day_18.py Run ***** ========|
| 2024-12-23 19:37:20,717 === INFO === System Setting: 51 Status: Active ========|
| 2024-12-23 19:37:20,717 === INFO === System Setting: 20 Status: Inactive" ========|
| 2024-12-23 19:37:20,717 === INFO === System Setting: 3 Status: Inactive" ========|
| 2024-12-23 19:37:20,717 === INFO === System Setting: 68 Status: Active ========|
| 2024-12-23 19:37:20,717 === INFO === System Setting: 5 Status: Inactive" ========|
| 2024-12-23 19:37:20,717 === INFO === System Setting: 49 Status: Inactive" ========|
| 2024-12-23 19:37:20,717 === INFO === System Setting: 29 Status: Inactive" ========|
| 2024-12-23 19:37:20,717 === INFO === System Setting: 49 Status: Inactive" ========|
| 2024-12-23 19:37:20,717 === INFO === System Setting: 4 Status: Inactive" ========|
| 2024-12-23 19:37:20,717 === INFO === System Setting: 84 Status: Active ========|
| 2024-12-23 19:37:20,717 === INFO === 2 ========|
| 2024-12-23 19:37:20,717 === INFO === 83 ========|
| 2024-12-23 19:37:20,717 === INFO === 12 ========|
| 2024-12-23 19:37:20,717 === INFO === 20 ========|
| 2024-12-23 19:37:20,717 === INFO === 89 ========|
| 2024-12-23 19:37:20,717 === INFO === 5 ========|
| 2024-12-23 19:37:20,717 === INFO === 92 ========|
| 2024-12-23 19:37:20,717 === INFO === 93 ========|
| 2024-12-23 19:37:20,717 === INFO === 41 ========|
| 2024-12-23 19:37:20,717 === INFO === 33 ========|
| 2024-12-23 19:37:20,717 === INFO === 97 ========|
| 2024-12-23 19:37:20,717 === INFO === 60 ========|
| 2024-12-23 19:37:20,717 === INFO === 66 ========|
| 2024-12-23 19:37:20,717 === INFO === 95 ========|
| 2024-12-23 19:37:20,717 === INFO === 51 ========|
| 2024-12-23 19:37:20,717 === INFO === 21 ========|
| 2024-12-23 19:37:20,717 === INFO === 41 ========|
| 2024-12-23 19:37:20,717 === INFO === 72 ========|
| 2024-12-23 19:37:20,717 === INFO === 37 ========|
| 2024-12-23 19:37:20,717 === INFO === 88 ========|
| 2024-12-23 19:37:20,717 === INFO === 76 ========|
| 2024-12-23 19:37:20,717 === INFO === 76 ========|
| 2024-12-23 19:37:20,717 === INFO === 33 ========|
| 2024-12-23 19:37:20,717 === INFO === 13 ========|
| 2024-12-23 19:37:20,717 === INFO === 38 ========|
| 2024-12-23 19:37:20,717 === INFO === 66 ========|
| 2024-12-23 19:37:20,717 === INFO === 47 ========|
| 2024-12-23 19:37:20,717 === INFO === 86 ========|
| 2024-12-23 19:37:20,717 === INFO === 2 ========|
| 2024-12-23 19:37:20,717 === INFO === 78 ========|
| 2024-12-23 19:37:20,717 === INFO === 59 ========|
| 2024-12-23 19:37:20,717 === INFO === 21 ========|
| 2024-12-23 19:37:20,717 === INFO === 80 ========|
| 2024-12-23 19:37:20,717 === INFO === 26 ========|
| 2024-12-23 19:37:20,717 === INFO === 32 ========|
| 2024-12-23 19:37:20,717 === INFO === 12 ========|
| 2024-12-23 19:37:20,717 === INFO === 36 ========|
| 2024-12-23 19:37:20,717 === INFO === 63 ========|
| 2024-12-23 19:37:20,717 === INFO === 69 ========|
| 2024-12-23 19:37:20,717 === INFO === 65 ========|
| 2024-12-23 19:37:20,717 === INFO === 0 ========|
| 2024-12-23 19:37:20,717 === INFO === 82 ========|
| 2024-12-23 19:37:20,717 === INFO === 79 ========|
| 2024-12-23 19:37:20,717 === INFO === 75 ========|
| 2024-12-23 19:37:20,717 === INFO === 94 ========|
| 2024-12-23 19:37:20,717 === INFO === 25 ========|
| 2024-12-23 19:37:20,717 === INFO === 49 ========|
| 2024-12-23 19:37:20,717 === INFO === 97 ========|
| 2024-12-23 19:37:20,717 === INFO === 5 ========|
| 2024-12-23 19:37:20,717 === INFO === 98 ========|
| 2024-12-23 19:37:20,717 === INFO === 2 ========|
| 2024-12-23 19:37:20,717 === INFO === 42 ========|
| 2024-12-23 19:37:20,717 === INFO === 50 ========|
| 2024-12-23 19:37:20,717 === INFO === 75 ========|
| 2024-12-23 19:37:20,717 === INFO === 91 ========|
| 2024-12-23 19:37:20,717 === INFO === 57 ========|
| 2024-12-23 19:37:20,717 === INFO === 7 ========|
| 2024-12-23 19:37:20,717 === INFO === 0 ========|
| 2024-12-23 19:37:20,717 === INFO === 52 ========|
| 2024-12-23 19:37:20,717 === INFO === 32 ========|
| 2024-12-23 19:37:20,717 === INFO === 17 ========|
| 2024-12-23 19:37:20,717 === INFO === 79 ========|
| 2024-12-23 19:37:20,717 === INFO === 72 ========|
| 2024-12-23 19:37:20,717 === INFO === 72 ========|
| 2024-12-23 19:37:20,717 === INFO === 62 ========|
| 2024-12-23 19:37:20,717 === INFO === 32 ========|
| 2024-12-23 19:37:20,717 === INFO === 96 ========|
| 2024-12-23 19:37:20,717 === INFO === 86 ========|
| 2024-12-23 19:37:20,717 === INFO === 23 ========|
| 2024-12-23 19:37:20,732 === INFO === 76 ========|
| 2024-12-23 19:37:20,732 === INFO === 35 ========|
| 2024-12-23 19:37:20,732 === INFO === 33 ========|
| 2024-12-23 19:37:20,732 === INFO === 7 ========|
| 2024-12-23 19:37:20,732 === INFO === 84 ========|
| 2024-12-23 19:37:20,732 === INFO === 92 ========|
| 2024-12-23 19:37:20,732 === INFO === 64 ========|
| 2024-12-23 19:37:20,732 === INFO === 17 ========|
| 2024-12-23 19:37:20,732 === INFO === 33 ========|
| 2024-12-23 19:37:20,732 === INFO === 59 ========|
| 2024-12-23 19:37:20,732 === INFO === 89 ========|
| 2024-12-23 19:37:20,732 === INFO === 4 ========|
| 2024-12-23 19:37:20,732 === INFO === 40 ========|
| 2024-12-23 19:37:20,732 === INFO === 32 ========|
| 2024-12-23 19:37:20,732 === INFO === 26 ========|
| 2024-12-23 19:37:20,732 === INFO === 60 ========|
| 2024-12-23 19:37:20,732 === INFO === 39 ========|
| 2024-12-23 19:37:20,732 === INFO === 86 ========|
| 2024-12-23 19:37:20,732 === INFO === 78 ========|
| 2024-12-23 19:37:20,732 === INFO === 93 ========|
| 2024-12-23 19:37:20,732 === INFO === 86 ========|
| 2024-12-23 19:37:20,732 === INFO === 93 ========|
| 2024-12-23 19:37:20,732 === INFO === 25 ========|
| 2024-12-23 19:37:20,732 === INFO === 22 ========|
| 2024-12-23 19:37:20,732 === INFO === 91 ========|
| 2024-12-23 19:37:20,732 === INFO === 2 ========|
| 2024-12-23 19:37:20,732 === INFO === 53 ========|
| 2024-12-23 19:37:20,732 === INFO === 61 ========|
| 2024-12-23 19:37:20,732 === INFO === 19 ========|
| 2024-12-23 19:37:20,732 === INFO === 9 ========|
| 2024-12-23 19:37:20,732 === INFO === 36 ========|
| 2024-12-23 19:38:03,018 === INFO === ***** Day_18.py Run ***** ========|
| 2024-12-23 19:38:03,018 === INFO === System Setting: 80 Status: Active ========|
| 2024-12-23 19:38:03,018 === INFO === System Setting: 90 Status: Active ========|
| 2024-12-23 19:38:03,018 === INFO === System Setting: 90 Status: Active ========|
| 2024-12-23 19:38:03,018 === INFO === System Setting: 55 Status: Active ========|
| 2024-12-23 19:38:03,018 === INFO === System Setting: 34 Status: Inactive" ========|
| 2024-12-23 19:38:03,018 === INFO === System Setting: 57 Status: Active ========|
| 2024-12-23 19:38:03,018 === INFO === System Setting: 58 Status: Active ========|
| 2024-12-23 19:38:03,018 === INFO === System Setting: 38 Status: Inactive" ========|
| 2024-12-23 19:38:03,018 === INFO === System Setting: 14 Status: Inactive" ========|
| 2024-12-23 19:38:03,018 === INFO === System Setting: 36 Status: Inactive" ========|
| 2024-12-23 19:38:03,018 === INFO === 37 ========|
| 2024-12-23 19:38:03,018 === INFO === 8 ========|
| 2024-12-23 19:38:03,018 === INFO === 33 ========|
| 2024-12-23 19:38:03,018 === INFO === 88 ========|
| 2024-12-23 19:38:03,018 === INFO === 80 ========|
| 2024-12-23 19:38:03,018 === INFO === 99 ========|
| 2024-12-23 19:38:03,018 === INFO === 57 ========|
| 2024-12-23 19:38:03,018 === INFO === 49 ========|
| 2024-12-23 19:38:03,018 === INFO === 31 ========|
| 2024-12-23 19:38:03,018 === INFO === 69 ========|
| 2024-12-23 19:38:03,018 === INFO === 71 ========|
| 2024-12-23 19:38:03,018 === INFO === 23 ========|
| 2024-12-23 19:38:03,018 === INFO === 77 ========|
| 2024-12-23 19:38:03,018 === INFO === 71 ========|
| 2024-12-23 19:38:03,033 === INFO === 6 ========|
| 2024-12-23 19:38:03,033 === INFO === 6 ========|
| 2024-12-23 19:38:03,033 === INFO === 1 ========|
| 2024-12-23 19:38:03,033 === INFO === 66 ========|
| 2024-12-23 19:38:03,033 === INFO === 23 ========|
| 2024-12-23 19:38:03,033 === INFO === 26 ========|
| 2024-12-23 19:38:03,033 === INFO === 90 ========|
| 2024-12-23 19:38:03,033 === INFO === 88 ========|
| 2024-12-23 19:38:03,033 === INFO === 35 ========|
| 2024-12-23 19:38:03,033 === INFO === 93 ========|
| 2024-12-23 19:38:03,033 === INFO === 29 ========|
| 2024-12-23 19:38:03,033 === INFO === 68 ========|
| 2024-12-23 19:38:03,033 === INFO === 99 ========|
| 2024-12-23 19:38:03,033 === INFO === 88 ========|
| 2024-12-23 19:38:03,033 === INFO === 11 ========|
| 2024-12-23 19:38:03,033 === INFO === 34 ========|
| 2024-12-23 19:38:03,033 === INFO === 56 ========|
| 2024-12-23 19:38:03,033 === INFO === 3 ========|
| 2024-12-23 19:38:03,033 === INFO === 68 ========|
| 2024-12-23 19:38:03,033 === INFO === 91 ========|
| 2024-12-23 19:38:03,033 === INFO === 27 ========|
| 2024-12-23 19:38:03,033 === INFO === 41 ========|
| 2024-12-23 19:38:03,033 === INFO === 46 ========|
| 2024-12-23 19:38:03,033 === INFO === 92 ========|
| 2024-12-23 19:38:03,033 === INFO === 29 ========|
| 2024-12-23 19:38:03,033 === INFO === 13 ========|
| 2024-12-23 19:38:03,033 === INFO === 25 ========|
| 2024-12-23 19:38:03,033 === INFO === 50 ========|
| 2024-12-23 19:38:03,033 === INFO === 98 ========|
| 2024-12-23 19:38:03,033 === INFO === 17 ========|
| 2024-12-23 19:38:03,033 === INFO === 54 ========|
| 2024-12-23 19:38:03,033 === INFO === 59 ========|
| 2024-12-23 19:38:03,033 === INFO === 77 ========|
| 2024-12-23 19:38:03,033 === INFO === 19 ========|
| 2024-12-23 19:38:03,033 === INFO === 66 ========|
| 2024-12-23 19:38:03,033 === INFO === 7 ========|
| 2024-12-23 19:38:03,033 === INFO === 43 ========|
| 2024-12-23 19:38:03,033 === INFO === 48 ========|
| 2024-12-23 19:38:03,033 === INFO === 28 ========|
| 2024-12-23 19:38:03,033 === INFO === 71 ========|
| 2024-12-23 19:38:03,033 === INFO === 54 ========|
| 2024-12-23 19:38:03,033 === INFO === 33 ========|
| 2024-12-23 19:38:03,033 === INFO === 89 ========|
| 2024-12-23 19:38:03,033 === INFO === 38 ========|
| 2024-12-23 19:38:03,033 === INFO === 63 ========|
| 2024-12-23 19:38:03,033 === INFO === 18 ========|
| 2024-12-23 19:38:03,033 === INFO === 57 ========|
| 2024-12-23 19:38:03,033 === INFO === 95 ========|
| 2024-12-23 19:38:03,033 === INFO === 55 ========|
| 2024-12-23 19:38:03,033 === INFO === 73 ========|
| 2024-12-23 19:38:03,033 === INFO === 43 ========|
| 2024-12-23 19:38:03,033 === INFO === 52 ========|
| 2024-12-23 19:38:03,033 === INFO === 28 ========|
| 2024-12-23 19:38:03,033 === INFO === 56 ========|
| 2024-12-23 19:38:03,033 === INFO === 60 ========|
| 2024-12-23 19:38:03,033 === INFO === 99 ========|
| 2024-12-23 19:38:03,033 === INFO === 84 ========|
| 2024-12-23 19:38:03,033 === INFO === 39 ========|
| 2024-12-23 19:38:03,033 === INFO === 0 ========|
| 2024-12-23 19:38:03,033 === INFO === 68 ========|
| 2024-12-23 19:38:03,033 === INFO === 36 ========|
| 2024-12-23 19:38:03,033 === INFO === 5 ========|
| 2024-12-23 19:38:03,033 === INFO === 34 ========|
| 2024-12-23 19:38:03,033 === INFO === 74 ========|
| 2024-12-23 19:38:03,033 === INFO === 90 ========|
| 2024-12-23 19:38:03,033 === INFO === 22 ========|
| 2024-12-23 19:38:03,033 === INFO === 80 ========|
| 2024-12-23 19:38:03,033 === INFO === 10 ========|
| 2024-12-23 19:38:03,033 === INFO === 20 ========|
| 2024-12-23 19:38:03,033 === INFO === 43 ========|
| 2024-12-23 19:38:03,033 === INFO === 11 ========|
| 2024-12-23 19:38:03,033 === INFO === 30 ========|
| 2024-12-23 19:38:03,033 === INFO === 30 ========|
| 2024-12-23 19:38:03,033 === INFO === 19 ========|
| 2024-12-23 19:38:03,033 === INFO === 4 ========|
| 2024-12-23 19:38:03,033 === INFO === 8 ========|
| 2024-12-23 19:38:03,033 === INFO === 46 ========|
| 2024-12-23 19:38:03,033 === INFO === 89 ========|
| 2024-12-23 19:38:03,033 === INFO === 45 ========|
| 2024-12-23 19:38:03,033 === INFO === 50 ========|
| 2024-12-23 19:38:03,033 === INFO === 84 ========|
| 2024-12-23 19:38:03,033 === INFO === 69 ========|
| 2024-12-23 19:38:03,033 === INFO === 11 ========|
| 2024-12-23 19:38:03,033 === INFO === 95 ========|
| 2024-12-23 19:38:03,033 === INFO === 55 ========|
| 2024-12-23 19:38:03,033 === INFO === 98 ========|
| 2024-12-23 19:38:32,129 === INFO === ***** Day_18.py Run ***** ========|
| 2024-12-23 19:38:32,129 === INFO === System Setting: 82 Status: Active ========|
| 2024-12-23 19:38:32,129 === INFO === System Setting: 47 Status: Inactive" ========|
| 2024-12-23 19:38:32,129 === INFO === System Setting: 93 Status: Active ========|
| 2024-12-23 19:38:32,129 === INFO === System Setting: 26 Status: Inactive" ========|
| 2024-12-23 19:38:32,129 === INFO === System Setting: 7 Status: Inactive" ========|
| 2024-12-23 19:38:32,129 === INFO === System Setting: 76 Status: Active ========|
| 2024-12-23 19:38:32,129 === INFO === System Setting: 53 Status: Active ========|
| 2024-12-23 19:38:32,129 === INFO === System Setting: 10 Status: Inactive" ========|
| 2024-12-23 19:38:32,129 === INFO === System Setting: 31 Status: Inactive" ========|
| 2024-12-23 19:38:32,129 === INFO === System Setting: 44 Status: Inactive" ========|
| 2024-12-23 19:38:43,647 === INFO === ***** Day_18.py Run ***** ========|
| 2024-12-23 19:38:43,647 === INFO === System Setting: 55 Status: Active ========|
| 2024-12-23 19:38:43,647 === INFO === System Setting: 0 Status: Inactive" ========|
| 2024-12-23 19:38:43,647 === INFO === System Setting: 1 Status: Inactive" ========|
| 2024-12-23 19:38:43,647 === INFO === System Setting: 19 Status: Inactive" ========|
| 2024-12-23 19:38:43,647 === INFO === System Setting: 43 Status: Inactive" ========|
| 2024-12-23 19:38:43,647 === INFO === System Setting: 44 Status: Inactive" ========|
| 2024-12-23 19:38:43,647 === INFO === System Setting: 47 Status: Inactive" ========|
| 2024-12-23 19:38:43,647 === INFO === System Setting: 18 Status: Inactive" ========|
| 2024-12-23 19:38:43,647 === INFO === System Setting: 60 Status: Active ========|
| 2024-12-23 19:38:43,647 === INFO === System Setting: 9 Status: Inactive" ========|
